<?xml version="1.0" encoding="UTF-8"?>
<!-- Generated by org.testng.reporters.JUnitReportReporter -->
<testsuite hostname="DESKTOP-HJ8D559" failures="0" tests="8" name="com.test.flipkart" time="173.053" errors="0" timestamp="2022-10-18T17:37:55 IST" skipped="0">
  <testcase classname="com.test.flipkart" name="loadTime" time="51.893"/>
  <system-out/>
  <testcase classname="com.test.flipkart" name="search" time="11.744"/>
  <system-out/>
  <testcase classname="com.test.flipkart" name="scroll" time="5.349"/>
  <system-out/>
  <testcase classname="com.test.flipkart" name="imageDisplay" time="9.264"/>
  <system-out/>
  <testcase classname="com.test.flipkart" name="bottomScroll" time="7.275"/>
  <system-out/>
  <testcase classname="com.test.flipkart" name="imgHeight" time="11.222"/>
  <system-out/>
  <testcase classname="com.test.flipkart" name="diffBrowChrome" time="13.338"/>
  <system-out/>
  <testcase classname="com.test.flipkart" name="diffBrowEdge" time="62.968"/>
  <system-out/>
</testsuite> <!-- com.test.flipkart -->
